
2025/09/30 14:25:41 [32m/Users/user/Downloads/csgoAuto/internal/database/database.go:42 [33mSLOW SQL >= 200ms
[0m[31;1m[219.104ms] [33m[rows:0][35m SET FOREIGN_KEY_CHECKS=0[0m

2025/09/30 14:25:41 [32m/Users/user/Downloads/csgoAuto/internal/database/database.go:46 [33mSLOW SQL >= 200ms
[0m[31;1m[254.185ms] [33m[rows:-][35m SELECT DATABASE()[0m

2025/09/30 14:25:41 [32m/Users/user/Downloads/csgoAuto/internal/database/database.go:46 [33mSLOW SQL >= 200ms
[0m[31;1m[440.379ms] [33m[rows:1][35m SELECT SCHEMA_NAME from Information_schema.SCHEMATA where SCHEMA_NAME LIKE 'csgo_trader%' ORDER BY SCHEMA_NAME='csgo_trader' DESC,SCHEMA_NAME limit 1[0m

2025/09/30 14:25:42 [32m/Users/user/Downloads/csgoAuto/internal/database/database.go:46 [33mSLOW SQL >= 200ms
[0m[31;1m[442.340ms] [33m[rows:-][35m SELECT count(*) FROM information_schema.tables WHERE table_schema = 'csgo_trader' AND table_name = 'users' AND table_type = 'BASE TABLE'[0m

2025/09/30 14:25:42 [32m/Users/user/Downloads/csgoAuto/internal/database/database.go:46 [33mSLOW SQL >= 200ms
[0m[31;1m[221.608ms] [33m[rows:-][35m SELECT DATABASE()[0m

2025/09/30 14:25:42 [32m/Users/user/Downloads/csgoAuto/internal/database/database.go:46 [33mSLOW SQL >= 200ms
[0m[31;1m[442.846ms] [33m[rows:1][35m SELECT SCHEMA_NAME from Information_schema.SCHEMATA where SCHEMA_NAME LIKE 'csgo_trader%' ORDER BY SCHEMA_NAME='csgo_trader' DESC,SCHEMA_NAME limit 1[0m

2025/09/30 14:25:43 [32m/Users/user/Downloads/csgoAuto/internal/database/database.go:46 [33mSLOW SQL >= 200ms
[0m[31;1m[220.082ms] [33m[rows:-][35m SELECT * FROM `users` LIMIT 1[0m

2025/09/30 14:25:43 [32m/Users/user/Downloads/csgoAuto/internal/database/database.go:46 [33mSLOW SQL >= 200ms
[0m[31;1m[442.866ms] [33m[rows:-][35m SELECT column_name, column_default, is_nullable = 'YES', data_type, character_maximum_length, column_type, column_key, extra, column_comment, numeric_precision, numeric_scale , datetime_precision FROM information_schema.columns WHERE table_schema = 'csgo_trader' AND table_name = 'users' ORDER BY ORDINAL_POSITION[0m

2025/09/30 14:25:43 [32m/Users/user/Downloads/csgoAuto/internal/database/database.go:46 [33mSLOW SQL >= 200ms
[0m[31;1m[219.048ms] [33m[rows:-][35m SELECT DATABASE()[0m

2025/09/30 14:25:44 [32m/Users/user/Downloads/csgoAuto/internal/database/database.go:46 [33mSLOW SQL >= 200ms
[0m[31;1m[441.275ms] [33m[rows:1][35m SELECT SCHEMA_NAME from Information_schema.SCHEMATA where SCHEMA_NAME LIKE 'csgo_trader%' ORDER BY SCHEMA_NAME='csgo_trader' DESC,SCHEMA_NAME limit 1[0m

2025/09/30 14:25:44 [32m/Users/user/Downloads/csgoAuto/internal/database/database.go:46 [33mSLOW SQL >= 200ms
[0m[31;1m[440.065ms] [33m[rows:-][35m SELECT count(*) FROM information_schema.statistics WHERE table_schema = 'csgo_trader' AND table_name = 'users' AND index_name = 'idx_users_deleted_at'[0m

2025/09/30 14:25:44 [32m/Users/user/Downloads/csgoAuto/internal/database/database.go:46 [33mSLOW SQL >= 200ms
[0m[31;1m[220.340ms] [33m[rows:-][35m SELECT DATABASE()[0m

2025/09/30 14:25:45 [32m/Users/user/Downloads/csgoAuto/internal/database/database.go:46 [33mSLOW SQL >= 200ms
[0m[31;1m[440.002ms] [33m[rows:1][35m SELECT SCHEMA_NAME from Information_schema.SCHEMATA where SCHEMA_NAME LIKE 'csgo_trader%' ORDER BY SCHEMA_NAME='csgo_trader' DESC,SCHEMA_NAME limit 1[0m

2025/09/30 14:25:45 [32m/Users/user/Downloads/csgoAuto/internal/database/database.go:46 [33mSLOW SQL >= 200ms
[0m[31;1m[439.811ms] [33m[rows:-][35m SELECT count(*) FROM information_schema.tables WHERE table_schema = 'csgo_trader' AND table_name = 'items' AND table_type = 'BASE TABLE'[0m

2025/09/30 14:25:45 [32m/Users/user/Downloads/csgoAuto/internal/database/database.go:46 [33mSLOW SQL >= 200ms
[0m[31;1m[222.041ms] [33m[rows:-][35m SELECT DATABASE()[0m

2025/09/30 14:25:46 [32m/Users/user/Downloads/csgoAuto/internal/database/database.go:46 [33mSLOW SQL >= 200ms
[0m[31;1m[441.046ms] [33m[rows:1][35m SELECT SCHEMA_NAME from Information_schema.SCHEMATA where SCHEMA_NAME LIKE 'csgo_trader%' ORDER BY SCHEMA_NAME='csgo_trader' DESC,SCHEMA_NAME limit 1[0m

2025/09/30 14:25:46 [32m/Users/user/Downloads/csgoAuto/internal/database/database.go:46 [33mSLOW SQL >= 200ms
[0m[31;1m[219.375ms] [33m[rows:-][35m SELECT * FROM `items` LIMIT 1[0m

2025/09/30 14:25:47 [32m/Users/user/Downloads/csgoAuto/internal/database/database.go:46 [33mSLOW SQL >= 200ms
[0m[31;1m[442.292ms] [33m[rows:-][35m SELECT column_name, column_default, is_nullable = 'YES', data_type, character_maximum_length, column_type, column_key, extra, column_comment, numeric_precision, numeric_scale , datetime_precision FROM information_schema.columns WHERE table_schema = 'csgo_trader' AND table_name = 'items' ORDER BY ORDINAL_POSITION[0m

2025/09/30 14:25:47 [32m/Users/user/Downloads/csgoAuto/internal/database/database.go:46 [33mSLOW SQL >= 200ms
[0m[31;1m[219.423ms] [33m[rows:-][35m SELECT DATABASE()[0m

2025/09/30 14:25:47 [32m/Users/user/Downloads/csgoAuto/internal/database/database.go:46 [33mSLOW SQL >= 200ms
[0m[31;1m[441.048ms] [33m[rows:1][35m SELECT SCHEMA_NAME from Information_schema.SCHEMATA where SCHEMA_NAME LIKE 'csgo_trader%' ORDER BY SCHEMA_NAME='csgo_trader' DESC,SCHEMA_NAME limit 1[0m

2025/09/30 14:25:48 [32m/Users/user/Downloads/csgoAuto/internal/database/database.go:46 [33mSLOW SQL >= 200ms
[0m[31;1m[439.618ms] [33m[rows:-][35m SELECT count(*) FROM information_schema.statistics WHERE table_schema = 'csgo_trader' AND table_name = 'items' AND index_name = 'idx_items_deleted_at'[0m

2025/09/30 14:25:48 [32m/Users/user/Downloads/csgoAuto/internal/database/database.go:46 [33mSLOW SQL >= 200ms
[0m[31;1m[221.097ms] [33m[rows:-][35m SELECT DATABASE()[0m

2025/09/30 14:25:48 [32m/Users/user/Downloads/csgoAuto/internal/database/database.go:46 [33mSLOW SQL >= 200ms
[0m[31;1m[440.661ms] [33m[rows:1][35m SELECT SCHEMA_NAME from Information_schema.SCHEMATA where SCHEMA_NAME LIKE 'csgo_trader%' ORDER BY SCHEMA_NAME='csgo_trader' DESC,SCHEMA_NAME limit 1[0m

2025/09/30 14:25:49 [32m/Users/user/Downloads/csgoAuto/internal/database/database.go:46 [33mSLOW SQL >= 200ms
[0m[31;1m[442.032ms] [33m[rows:-][35m SELECT count(*) FROM information_schema.tables WHERE table_schema = 'csgo_trader' AND table_name = 'forecast_records' AND table_type = 'BASE TABLE'[0m

2025/09/30 14:25:49 [32m/Users/user/Downloads/csgoAuto/internal/database/database.go:46 [33mSLOW SQL >= 200ms
[0m[31;1m[220.374ms] [33m[rows:-][35m SELECT DATABASE()[0m

2025/09/30 14:25:49 [32m/Users/user/Downloads/csgoAuto/internal/database/database.go:46 [33mSLOW SQL >= 200ms
[0m[31;1m[448.972ms] [33m[rows:1][35m SELECT SCHEMA_NAME from Information_schema.SCHEMATA where SCHEMA_NAME LIKE 'csgo_trader%' ORDER BY SCHEMA_NAME='csgo_trader' DESC,SCHEMA_NAME limit 1[0m

2025/09/30 14:25:50 [32m/Users/user/Downloads/csgoAuto/internal/database/database.go:46 [33mSLOW SQL >= 200ms
[0m[31;1m[219.998ms] [33m[rows:-][35m SELECT * FROM `forecast_records` LIMIT 1[0m

2025/09/30 14:25:50 [32m/Users/user/Downloads/csgoAuto/internal/database/database.go:46 [33mSLOW SQL >= 200ms
[0m[31;1m[441.958ms] [33m[rows:-][35m SELECT column_name, column_default, is_nullable = 'YES', data_type, character_maximum_length, column_type, column_key, extra, column_comment, numeric_precision, numeric_scale , datetime_precision FROM information_schema.columns WHERE table_schema = 'csgo_trader' AND table_name = 'forecast_records' ORDER BY ORDINAL_POSITION[0m

2025/09/30 14:25:50 [32m/Users/user/Downloads/csgoAuto/internal/database/database.go:46 [33mSLOW SQL >= 200ms
[0m[31;1m[348.505ms] [33m[rows:1161][35m ALTER TABLE `forecast_records` MODIFY COLUMN `index_id` varchar(191) NOT NULL[0m

2025/09/30 14:25:51 [32m/Users/user/Downloads/csgoAuto/internal/database/database.go:46 [33mSLOW SQL >= 200ms
[0m[31;1m[428.803ms] [33m[rows:1161][35m ALTER TABLE `forecast_records` MODIFY COLUMN `interval` varchar(191) NOT NULL[0m

2025/09/30 14:25:51 [32m/Users/user/Downloads/csgoAuto/internal/database/database.go:46 [33mSLOW SQL >= 200ms
[0m[31;1m[359.179ms] [33m[rows:1161][35m ALTER TABLE `forecast_records` MODIFY COLUMN `horizon_days` bigint NOT NULL[0m

2025/09/30 14:25:52 [32m/Users/user/Downloads/csgoAuto/internal/database/database.go:46 [33mSLOW SQL >= 200ms
[0m[31;1m[334.931ms] [33m[rows:1161][35m ALTER TABLE `forecast_records` MODIFY COLUMN `method` varchar(191)[0m

2025/09/30 14:25:52 [32m/Users/user/Downloads/csgoAuto/internal/database/database.go:46 [33mSLOW SQL >= 200ms
[0m[31;1m[332.628ms] [33m[rows:1161][35m ALTER TABLE `forecast_records` MODIFY COLUMN `train_window` bigint[0m

2025/09/30 14:25:52 [32m/Users/user/Downloads/csgoAuto/internal/database/database.go:46 [33mSLOW SQL >= 200ms
[0m[31;1m[331.664ms] [33m[rows:1161][35m ALTER TABLE `forecast_records` MODIFY COLUMN `data_points` bigint[0m

2025/09/30 14:25:53 [32m/Users/user/Downloads/csgoAuto/internal/database/database.go:46 [33mSLOW SQL >= 200ms
[0m[31;1m[333.224ms] [33m[rows:1161][35m ALTER TABLE `forecast_records` MODIFY COLUMN `created_at` datetime(3) NULL[0m

2025/09/30 14:25:53 [32m/Users/user/Downloads/csgoAuto/internal/database/database.go:46 [33mSLOW SQL >= 200ms
[0m[31;1m[220.417ms] [33m[rows:-][35m SELECT DATABASE()[0m

2025/09/30 14:25:53 [32m/Users/user/Downloads/csgoAuto/internal/database/database.go:46 [33mSLOW SQL >= 200ms
[0m[31;1m[441.430ms] [33m[rows:1][35m SELECT SCHEMA_NAME from Information_schema.SCHEMATA where SCHEMA_NAME LIKE 'csgo_trader%' ORDER BY SCHEMA_NAME='csgo_trader' DESC,SCHEMA_NAME limit 1[0m

2025/09/30 14:25:54 [32m/Users/user/Downloads/csgoAuto/internal/database/database.go:46 [33mSLOW SQL >= 200ms
[0m[31;1m[439.205ms] [33m[rows:-][35m SELECT count(*) FROM information_schema.statistics WHERE table_schema = 'csgo_trader' AND table_name = 'forecast_records' AND index_name = 'idx_forecast_records_horizon_days'[0m

2025/09/30 14:25:54 [32m/Users/user/Downloads/csgoAuto/internal/database/database.go:46 [33mSLOW SQL >= 200ms
[0m[31;1m[220.959ms] [33m[rows:-][35m SELECT DATABASE()[0m

2025/09/30 14:25:54 [32m/Users/user/Downloads/csgoAuto/internal/database/database.go:46 [33mSLOW SQL >= 200ms
[0m[31;1m[440.755ms] [33m[rows:1][35m SELECT SCHEMA_NAME from Information_schema.SCHEMATA where SCHEMA_NAME LIKE 'csgo_trader%' ORDER BY SCHEMA_NAME='csgo_trader' DESC,SCHEMA_NAME limit 1[0m

2025/09/30 14:25:55 [32m/Users/user/Downloads/csgoAuto/internal/database/database.go:46 [33mSLOW SQL >= 200ms
[0m[31;1m[439.481ms] [33m[rows:-][35m SELECT count(*) FROM information_schema.statistics WHERE table_schema = 'csgo_trader' AND table_name = 'forecast_records' AND index_name = 'idx_forecast_records_method'[0m

2025/09/30 14:25:55 [32m/Users/user/Downloads/csgoAuto/internal/database/database.go:46 [33mSLOW SQL >= 200ms
[0m[31;1m[221.925ms] [33m[rows:-][35m SELECT DATABASE()[0m

2025/09/30 14:25:55 [32m/Users/user/Downloads/csgoAuto/internal/database/database.go:46 [33mSLOW SQL >= 200ms
[0m[31;1m[442.583ms] [33m[rows:1][35m SELECT SCHEMA_NAME from Information_schema.SCHEMATA where SCHEMA_NAME LIKE 'csgo_trader%' ORDER BY SCHEMA_NAME='csgo_trader' DESC,SCHEMA_NAME limit 1[0m

2025/09/30 14:25:56 [32m/Users/user/Downloads/csgoAuto/internal/database/database.go:46 [33mSLOW SQL >= 200ms
[0m[31;1m[440.356ms] [33m[rows:-][35m SELECT count(*) FROM information_schema.statistics WHERE table_schema = 'csgo_trader' AND table_name = 'forecast_records' AND index_name = 'idx_forecast_records_index_id'[0m

2025/09/30 14:25:56 [32m/Users/user/Downloads/csgoAuto/internal/database/database.go:46 [33mSLOW SQL >= 200ms
[0m[31;1m[219.483ms] [33m[rows:-][35m SELECT DATABASE()[0m

2025/09/30 14:25:57 [32m/Users/user/Downloads/csgoAuto/internal/database/database.go:46 [33mSLOW SQL >= 200ms
[0m[31;1m[439.384ms] [33m[rows:1][35m SELECT SCHEMA_NAME from Information_schema.SCHEMATA where SCHEMA_NAME LIKE 'csgo_trader%' ORDER BY SCHEMA_NAME='csgo_trader' DESC,SCHEMA_NAME limit 1[0m

2025/09/30 14:25:57 [32m/Users/user/Downloads/csgoAuto/internal/database/database.go:46 [33mSLOW SQL >= 200ms
[0m[31;1m[439.316ms] [33m[rows:-][35m SELECT count(*) FROM information_schema.statistics WHERE table_schema = 'csgo_trader' AND table_name = 'forecast_records' AND index_name = 'idx_forecast_records_interval'[0m

2025/09/30 14:25:57 [32m/Users/user/Downloads/csgoAuto/internal/database/database.go:46 [33mSLOW SQL >= 200ms
[0m[31;1m[221.755ms] [33m[rows:-][35m SELECT DATABASE()[0m

2025/09/30 14:25:58 [32m/Users/user/Downloads/csgoAuto/internal/database/database.go:46 [33mSLOW SQL >= 200ms
[0m[31;1m[439.444ms] [33m[rows:1][35m SELECT SCHEMA_NAME from Information_schema.SCHEMATA where SCHEMA_NAME LIKE 'csgo_trader%' ORDER BY SCHEMA_NAME='csgo_trader' DESC,SCHEMA_NAME limit 1[0m

2025/09/30 14:25:58 [32m/Users/user/Downloads/csgoAuto/internal/database/database.go:46 [33mSLOW SQL >= 200ms
[0m[31;1m[439.723ms] [33m[rows:-][35m SELECT count(*) FROM information_schema.tables WHERE table_schema = 'csgo_trader' AND table_name = 'forecast_backtests' AND table_type = 'BASE TABLE'[0m

2025/09/30 14:25:58 [32m/Users/user/Downloads/csgoAuto/internal/database/database.go:46 [33mSLOW SQL >= 200ms
[0m[31;1m[220.266ms] [33m[rows:-][35m SELECT DATABASE()[0m

2025/09/30 14:25:59 [32m/Users/user/Downloads/csgoAuto/internal/database/database.go:46 [33mSLOW SQL >= 200ms
[0m[31;1m[439.762ms] [33m[rows:1][35m SELECT SCHEMA_NAME from Information_schema.SCHEMATA where SCHEMA_NAME LIKE 'csgo_trader%' ORDER BY SCHEMA_NAME='csgo_trader' DESC,SCHEMA_NAME limit 1[0m

2025/09/30 14:25:59 [32m/Users/user/Downloads/csgoAuto/internal/database/database.go:46 [33mSLOW SQL >= 200ms
[0m[31;1m[219.857ms] [33m[rows:-][35m SELECT * FROM `forecast_backtests` LIMIT 1[0m

2025/09/30 14:25:59 [32m/Users/user/Downloads/csgoAuto/internal/database/database.go:46 [33mSLOW SQL >= 200ms
[0m[31;1m[443.107ms] [33m[rows:-][35m SELECT column_name, column_default, is_nullable = 'YES', data_type, character_maximum_length, column_type, column_key, extra, column_comment, numeric_precision, numeric_scale , datetime_precision FROM information_schema.columns WHERE table_schema = 'csgo_trader' AND table_name = 'forecast_backtests' ORDER BY ORDINAL_POSITION[0m

2025/09/30 14:26:00 [32m/Users/user/Downloads/csgoAuto/internal/database/database.go:46 [33mSLOW SQL >= 200ms
[0m[31;1m[308.045ms] [33m[rows:1149][35m ALTER TABLE `forecast_backtests` MODIFY COLUMN `index_id` varchar(191) NOT NULL[0m

2025/09/30 14:26:00 [32m/Users/user/Downloads/csgoAuto/internal/database/database.go:46 [33mSLOW SQL >= 200ms
[0m[31;1m[312.583ms] [33m[rows:1149][35m ALTER TABLE `forecast_backtests` MODIFY COLUMN `interval` varchar(191) NOT NULL[0m

2025/09/30 14:26:00 [32m/Users/user/Downloads/csgoAuto/internal/database/database.go:46 [33mSLOW SQL >= 200ms
[0m[31;1m[302.390ms] [33m[rows:1149][35m ALTER TABLE `forecast_backtests` MODIFY COLUMN `method` varchar(191)[0m

2025/09/30 14:26:01 [32m/Users/user/Downloads/csgoAuto/internal/database/database.go:46 [33mSLOW SQL >= 200ms
[0m[31;1m[303.208ms] [33m[rows:1149][35m ALTER TABLE `forecast_backtests` MODIFY COLUMN `train_window` bigint[0m

2025/09/30 14:26:01 [32m/Users/user/Downloads/csgoAuto/internal/database/database.go:46 [33mSLOW SQL >= 200ms
[0m[31;1m[307.881ms] [33m[rows:1149][35m ALTER TABLE `forecast_backtests` MODIFY COLUMN `horizon_days` bigint NOT NULL[0m

2025/09/30 14:26:01 [32m/Users/user/Downloads/csgoAuto/internal/database/database.go:46 [33mSLOW SQL >= 200ms
[0m[31;1m[307.286ms] [33m[rows:1149][35m ALTER TABLE `forecast_backtests` MODIFY COLUMN `points` bigint[0m

2025/09/30 14:26:02 [32m/Users/user/Downloads/csgoAuto/internal/database/database.go:46 [33mSLOW SQL >= 200ms
[0m[31;1m[343.699ms] [33m[rows:1149][35m ALTER TABLE `forecast_backtests` MODIFY COLUMN `created_at` datetime(3) NULL[0m

2025/09/30 14:26:02 [32m/Users/user/Downloads/csgoAuto/internal/database/database.go:46 [33mSLOW SQL >= 200ms
[0m[31;1m[219.919ms] [33m[rows:-][35m SELECT DATABASE()[0m

2025/09/30 14:26:02 [32m/Users/user/Downloads/csgoAuto/internal/database/database.go:46 [33mSLOW SQL >= 200ms
[0m[31;1m[443.443ms] [33m[rows:1][35m SELECT SCHEMA_NAME from Information_schema.SCHEMATA where SCHEMA_NAME LIKE 'csgo_trader%' ORDER BY SCHEMA_NAME='csgo_trader' DESC,SCHEMA_NAME limit 1[0m

2025/09/30 14:26:03 [32m/Users/user/Downloads/csgoAuto/internal/database/database.go:46 [33mSLOW SQL >= 200ms
[0m[31;1m[439.652ms] [33m[rows:-][35m SELECT count(*) FROM information_schema.statistics WHERE table_schema = 'csgo_trader' AND table_name = 'forecast_backtests' AND index_name = 'idx_forecast_backtests_index_id'[0m

2025/09/30 14:26:03 [32m/Users/user/Downloads/csgoAuto/internal/database/database.go:46 [33mSLOW SQL >= 200ms
[0m[31;1m[220.060ms] [33m[rows:-][35m SELECT DATABASE()[0m

2025/09/30 14:26:03 [32m/Users/user/Downloads/csgoAuto/internal/database/database.go:46 [33mSLOW SQL >= 200ms
[0m[31;1m[440.562ms] [33m[rows:1][35m SELECT SCHEMA_NAME from Information_schema.SCHEMATA where SCHEMA_NAME LIKE 'csgo_trader%' ORDER BY SCHEMA_NAME='csgo_trader' DESC,SCHEMA_NAME limit 1[0m

2025/09/30 14:26:04 [32m/Users/user/Downloads/csgoAuto/internal/database/database.go:46 [33mSLOW SQL >= 200ms
[0m[31;1m[439.959ms] [33m[rows:-][35m SELECT count(*) FROM information_schema.statistics WHERE table_schema = 'csgo_trader' AND table_name = 'forecast_backtests' AND index_name = 'idx_forecast_backtests_interval'[0m

2025/09/30 14:26:04 [32m/Users/user/Downloads/csgoAuto/internal/database/database.go:46 [33mSLOW SQL >= 200ms
[0m[31;1m[220.413ms] [33m[rows:-][35m SELECT DATABASE()[0m

2025/09/30 14:26:04 [32m/Users/user/Downloads/csgoAuto/internal/database/database.go:46 [33mSLOW SQL >= 200ms
[0m[31;1m[439.869ms] [33m[rows:1][35m SELECT SCHEMA_NAME from Information_schema.SCHEMATA where SCHEMA_NAME LIKE 'csgo_trader%' ORDER BY SCHEMA_NAME='csgo_trader' DESC,SCHEMA_NAME limit 1[0m

2025/09/30 14:26:05 [32m/Users/user/Downloads/csgoAuto/internal/database/database.go:46 [33mSLOW SQL >= 200ms
[0m[31;1m[441.103ms] [33m[rows:-][35m SELECT count(*) FROM information_schema.statistics WHERE table_schema = 'csgo_trader' AND table_name = 'forecast_backtests' AND index_name = 'idx_forecast_backtests_method'[0m

2025/09/30 14:26:05 [32m/Users/user/Downloads/csgoAuto/internal/database/database.go:46 [33mSLOW SQL >= 200ms
[0m[31;1m[220.259ms] [33m[rows:-][35m SELECT DATABASE()[0m

2025/09/30 14:26:06 [32m/Users/user/Downloads/csgoAuto/internal/database/database.go:46 [33mSLOW SQL >= 200ms
[0m[31;1m[440.592ms] [33m[rows:1][35m SELECT SCHEMA_NAME from Information_schema.SCHEMATA where SCHEMA_NAME LIKE 'csgo_trader%' ORDER BY SCHEMA_NAME='csgo_trader' DESC,SCHEMA_NAME limit 1[0m

2025/09/30 14:26:06 [32m/Users/user/Downloads/csgoAuto/internal/database/database.go:46 [33mSLOW SQL >= 200ms
[0m[31;1m[441.562ms] [33m[rows:-][35m SELECT count(*) FROM information_schema.statistics WHERE table_schema = 'csgo_trader' AND table_name = 'forecast_backtests' AND index_name = 'idx_forecast_backtests_horizon_days'[0m

2025/09/30 14:26:06 [32m/Users/user/Downloads/csgoAuto/internal/database/database.go:46 [33mSLOW SQL >= 200ms
[0m[31;1m[219.607ms] [33m[rows:-][35m SELECT DATABASE()[0m

2025/09/30 14:26:07 [32m/Users/user/Downloads/csgoAuto/internal/database/database.go:46 [33mSLOW SQL >= 200ms
[0m[31;1m[439.587ms] [33m[rows:1][35m SELECT SCHEMA_NAME from Information_schema.SCHEMATA where SCHEMA_NAME LIKE 'csgo_trader%' ORDER BY SCHEMA_NAME='csgo_trader' DESC,SCHEMA_NAME limit 1[0m

2025/09/30 14:26:07 [32m/Users/user/Downloads/csgoAuto/internal/database/database.go:46 [33mSLOW SQL >= 200ms
[0m[31;1m[444.383ms] [33m[rows:-][35m SELECT count(*) FROM information_schema.tables WHERE table_schema = 'csgo_trader' AND table_name = 'you_pin_accounts' AND table_type = 'BASE TABLE'[0m

2025/09/30 14:26:07 [32m/Users/user/Downloads/csgoAuto/internal/database/database.go:46 [33mSLOW SQL >= 200ms
[0m[31;1m[221.487ms] [33m[rows:-][35m SELECT DATABASE()[0m

2025/09/30 14:26:08 [32m/Users/user/Downloads/csgoAuto/internal/database/database.go:46 [33mSLOW SQL >= 200ms
[0m[31;1m[440.883ms] [33m[rows:1][35m SELECT SCHEMA_NAME from Information_schema.SCHEMATA where SCHEMA_NAME LIKE 'csgo_trader%' ORDER BY SCHEMA_NAME='csgo_trader' DESC,SCHEMA_NAME limit 1[0m

2025/09/30 14:26:08 [32m/Users/user/Downloads/csgoAuto/internal/database/database.go:46 [33mSLOW SQL >= 200ms
[0m[31;1m[220.980ms] [33m[rows:-][35m SELECT * FROM `you_pin_accounts` LIMIT 1[0m

2025/09/30 14:26:08 [32m/Users/user/Downloads/csgoAuto/internal/database/database.go:46 [33mSLOW SQL >= 200ms
[0m[31;1m[442.525ms] [33m[rows:-][35m SELECT column_name, column_default, is_nullable = 'YES', data_type, character_maximum_length, column_type, column_key, extra, column_comment, numeric_precision, numeric_scale , datetime_precision FROM information_schema.columns WHERE table_schema = 'csgo_trader' AND table_name = 'you_pin_accounts' ORDER BY ORDINAL_POSITION[0m

2025/09/30 14:26:09 [31;1m/Users/user/Downloads/csgoAuto/internal/database/database.go:46 [35;1mError 3780 (HY000): Referencing column 'user_id' and referenced column 'id' in foreign key constraint 'you_pin_accounts_FK_0_0' are incompatible.
[0m[33m[219.369ms] [34;1m[rows:0][0m ALTER TABLE `you_pin_accounts` MODIFY COLUMN `user_id` bigint unsigned NOT NULL
2025/09/30 14:26:09 Failed to connect to database:failed to auto-migrate database: Error 3780 (HY000): Referencing column 'user_id' and referenced column 'id' in foreign key constraint 'you_pin_accounts_FK_0_0' are incompatible.
