2025/11/27 10:20:11 ðŸ” æ‚ æ‚ æœ‰å“: å¼€æ”¾å¹³å°APIæ¨¡å¼ (AppKey: 12919014...)
2025/11/27 10:20:13 Database initialized successfully
[GIN-debug] [WARNING] Creating an Engine instance with the Logger and Recovery middleware already attached.

[GIN-debug] [WARNING] Running in "debug" mode. Switch to "release" mode in production.
 - using env:	export GIN_MODE=release
 - using code:	gin.SetMode(gin.ReleaseMode)

[GIN-debug] GET    /static/*filepath         --> github.com/gin-gonic/gin.(*RouterGroup).createStaticHandler.func1 (4 handlers)
[GIN-debug] HEAD   /static/*filepath         --> github.com/gin-gonic/gin.(*RouterGroup).createStaticHandler.func1 (4 handlers)
[GIN-debug] GET    /favicon.ico              --> main.main.(*RouterGroup).StaticFile.func8 (4 handlers)
[GIN-debug] HEAD   /favicon.ico              --> main.main.(*RouterGroup).StaticFile.func8 (4 handlers)
[GIN-debug] GET    /manifest.json            --> main.main.(*RouterGroup).StaticFile.func9 (4 handlers)
[GIN-debug] HEAD   /manifest.json            --> main.main.(*RouterGroup).StaticFile.func9 (4 handlers)
[GIN-debug] GET    /logo192.png              --> main.main.(*RouterGroup).StaticFile.func10 (4 handlers)
[GIN-debug] HEAD   /logo192.png              --> main.main.(*RouterGroup).StaticFile.func10 (4 handlers)
[GIN-debug] GET    /                         --> main.main.func2 (4 handlers)
[GIN-debug] GET    /health                   --> main.main.func3 (4 handlers)
[GIN-debug] GET    /api/v1/auth/steam/login  --> csgo-trader/internal/api.(*APIHandler).SteamLogin-fm (4 handlers)
[GIN-debug] GET    /api/v1/auth/steam/callback --> csgo-trader/internal/api.(*APIHandler).SteamCallback-fm (4 handlers)
[GIN-debug] POST   /api/v1/auth/logout       --> csgo-trader/internal/api.(*APIHandler).Logout-fm (4 handlers)
[GIN-debug] GET    /api/v1/auth/me           --> csgo-trader/internal/api.(*APIHandler).GetCurrentUser-fm (4 handlers)
[GIN-debug] GET    /api/v1/csqaq/sub/kline   --> csgo-trader/internal/api.(*APIHandler).ProxyCSQAQIndexKline-fm (4 handlers)
[GIN-debug] POST   /api/v1/csqaq/init-goods  --> csgo-trader/internal/api.(*APIHandler).InitCSQAQGoods-fm (4 handlers)
[GIN-debug] GET    /api/v1/csqaq/goods       --> csgo-trader/internal/api.(*APIHandler).ListCSQAQGoods-fm (4 handlers)
[GIN-debug] GET    /api/v1/csqaq/good        --> csgo-trader/internal/api.(*APIHandler).GetCSQAQGoodDetail-fm (4 handlers)
[GIN-debug] GET    /api/v1/csqaq/good/kline  --> csgo-trader/internal/api.(*APIHandler).GetGoodKline-fm (4 handlers)
[GIN-debug] GET    /api/v1/csqaq/good/derived_kline --> csgo-trader/internal/api.(*APIHandler).GetGoodDerivedKline-fm (4 handlers)
[GIN-debug] POST   /api/v1/csqaq/good/snapshot --> csgo-trader/internal/api.(*APIHandler).SampleGoodSnapshot-fm (4 handlers)
[GIN-debug] GET    /api/v1/csqaq/recommendations --> csgo-trader/internal/api.(*APIHandler).GetPurchaseRecommendations-fm (4 handlers)
[GIN-debug] POST   /api/v1/csqaq/init-goods-full/start --> csgo-trader/internal/api.(*APIHandler).StartFullInit-fm (4 handlers)
[GIN-debug] GET    /api/v1/csqaq/init-goods-full/status --> csgo-trader/internal/api.(*APIHandler).FullInitStatus-fm (4 handlers)
[GIN-debug] POST   /api/v1/csqaq/init-goods-full/stop --> csgo-trader/internal/api.(*APIHandler).StopFullInit-fm (4 handlers)
[GIN-debug] GET    /api/v1/sub/kline         --> csgo-trader/internal/api.(*APIHandler).ProxyCSQAQIndexKline-fm (4 handlers)
[GIN-debug] POST   /api/v1/forecast/run      --> csgo-trader/internal/api.(*APIHandler).RunForecast-fm (4 handlers)
[GIN-debug] GET    /api/v1/forecast/backtest --> csgo-trader/internal/api.(*APIHandler).BacktestForecast-fm (4 handlers)
[GIN-debug] POST   /api/v1/forecast/backtest --> csgo-trader/internal/api.(*APIHandler).BacktestForecastPost-fm (4 handlers)
[GIN-debug] GET    /api/v1/forecast/history  --> csgo-trader/internal/api.(*APIHandler).ListForecastHistory-fm (4 handlers)
[GIN-debug] POST   /api/v1/youpin/accounts   --> csgo-trader/internal/api.(*APIHandler).AddYouPinAccount-fm (4 handlers)
[GIN-debug] GET    /api/v1/youpin/accounts   --> csgo-trader/internal/api.(*APIHandler).GetYouPinAccounts-fm (4 handlers)
[GIN-debug] DELETE /api/v1/youpin/accounts/:id --> csgo-trader/internal/api.(*APIHandler).DeleteYouPinAccount-fm (4 handlers)
[GIN-debug] POST   /api/v1/youpin/accounts/:id/reactivate --> csgo-trader/internal/api.(*APIHandler).ReactivateYouPinAccount-fm (4 handlers)
[GIN-debug] GET    /api/v1/youpin/config     --> csgo-trader/internal/api.(*APIHandler).GetYouPinConfig-fm (4 handlers)
[GIN-debug] PUT    /api/v1/youpin/config     --> csgo-trader/internal/api.(*APIHandler).UpdateYouPinConfig-fm (4 handlers)
[GIN-debug] POST   /api/v1/youpin/auto-sell/start --> csgo-trader/internal/api.(*APIHandler).StartAutoSell-fm (4 handlers)
[GIN-debug] POST   /api/v1/youpin/auto-change-price/start --> csgo-trader/internal/api.(*APIHandler).StartAutoChangePrice-fm (4 handlers)
[GIN-debug] POST   /api/v1/youpin/auto-accept-offer/start --> csgo-trader/internal/api.(*APIHandler).StartAutoAcceptOffer-fm (4 handlers)
[GIN-debug] GET    /api/v1/youpin/orders     --> csgo-trader/internal/api.(*APIHandler).GetYouPinOrders-fm (4 handlers)
[GIN-debug] GET    /api/v1/youpin/inventory  --> csgo-trader/internal/api.(*APIHandler).GetYouPinInventory-fm (4 handlers)
[GIN-debug] GET    /api/v1/youpin/inventory/steam-data --> csgo-trader/internal/api.(*APIHandler).GetSteamInventoryData-fm (4 handlers)
[GIN-debug] POST   /api/v1/youpin/inventory/commodity-price-info --> csgo-trader/internal/api.(*APIHandler).GetCommodityPriceInfo-fm (4 handlers)
[GIN-debug] POST   /api/v1/youpin/inventory/on-shelf-single --> csgo-trader/internal/api.(*APIHandler).ShelfSingleItem-fm (4 handlers)
[GIN-debug] POST   /api/v1/youpin/inventory/on-shelf-batch --> csgo-trader/internal/api.(*APIHandler).ShelfBatchItems-fm (4 handlers)
[GIN-debug] POST   /api/v1/youpin/send-sms   --> csgo-trader/internal/api.(*APIHandler).SendYouPinSMS-fm (4 handlers)
[GIN-debug] POST   /api/v1/youpin/search     --> csgo-trader/internal/api.(*APIHandler).SearchYouPinCommodities-fm (4 handlers)
[GIN-debug] POST   /api/v1/youpin/search/items --> csgo-trader/internal/api.(*APIHandler).SearchYouPinItems-fm (4 handlers)
[GIN-debug] POST   /api/v1/youpin/commodity/list --> csgo-trader/internal/api.(*APIHandler).GetYouPinCommodityList-fm (4 handlers)
[GIN-debug] POST   /api/v1/youpin/filter/config --> csgo-trader/internal/api.(*APIHandler).GetYouPinFilterConfig-fm (4 handlers)
[GIN-debug] GET    /api/v1/youpin/commodity/:template_id --> csgo-trader/internal/api.(*APIHandler).GetYouPinCommodityDetails-fm (4 handlers)
[GIN-debug] POST   /api/v1/youpin/market/items --> csgo-trader/internal/api.(*APIHandler).GetYouPinMarketItems-fm (4 handlers)
[GIN-debug] POST   /api/v1/youpin/purchase/orders --> csgo-trader/internal/api.(*APIHandler).GetYouPinPurchaseOrders-fm (4 handlers)
[GIN-debug] POST   /api/v1/youpin/buy        --> csgo-trader/internal/api.(*APIHandler).BuyFromYouPinMarket-fm (4 handlers)
[GIN-debug] POST   /api/v1/youpin/buy-with-balance --> csgo-trader/internal/api.(*APIHandler).BuyFromYouPinMarketWithBalance-fm (4 handlers)
[GIN-debug] POST   /api/v1/youpin/buy-multistep --> csgo-trader/internal/api.(*APIHandler).MultiStepBuyFromYouPinMarket-fm (4 handlers)
[GIN-debug] POST   /api/v1/youpin/purchase   --> csgo-trader/internal/api.(*APIHandler).CreateYouPinPurchaseOrder-fm (4 handlers)
[GIN-debug] POST   /api/v1/youpin/sell-item  --> csgo-trader/internal/api.(*APIHandler).SellYouPinItem-fm (4 handlers)
[GIN-debug] GET    /api/v1/youpin/sellable-items --> csgo-trader/internal/api.(*APIHandler).GetSellableItems-fm (4 handlers)
[GIN-debug] GET    /api/v1/youpin/sell-list  --> csgo-trader/internal/api.(*APIHandler).GetSellList-fm (4 handlers)
[GIN-debug] POST   /api/v1/youpin/sell-by-name --> csgo-trader/internal/api.(*APIHandler).SellItemByName-fm (4 handlers)
[GIN-debug] POST   /api/v1/youpin/sell-by-index --> csgo-trader/internal/api.(*APIHandler).SellItemsByIndex-fm (4 handlers)
[GIN-debug] POST   /api/v1/youpin/instant-sell --> csgo-trader/internal/api.(*APIHandler).InstantSellItems-fm (4 handlers)
[GIN-debug] POST   /api/v1/youpin/change-price --> csgo-trader/internal/api.(*APIHandler).ChangeYouPinPrice-fm (4 handlers)
[GIN-debug] POST   /api/v1/youpin/off-sale   --> csgo-trader/internal/api.(*APIHandler).OffSaleYouPinItems-fm (4 handlers)
[GIN-debug] POST   /api/v1/youpin/arbitrage/collect-prices --> csgo-trader/internal/api.(*APIHandler).CollectPriceSnapshots-fm (4 handlers)
[GIN-debug] GET    /api/v1/youpin/arbitrage/opportunities --> csgo-trader/internal/api.(*APIHandler).GetArbitrageOpportunities-fm (4 handlers)
[GIN-debug] GET    /api/v1/youpin/arbitrage/opportunities/export --> csgo-trader/internal/api.(*APIHandler).ExportArbitrageOpportunities-fm (4 handlers)
[GIN-debug] GET    /api/v1/youpin/purchase-plans --> csgo-trader/internal/api.(*APIHandler).ListPurchasePlans-fm (4 handlers)
[GIN-debug] GET    /api/v1/youpin/purchase-plans/:id --> csgo-trader/internal/api.(*APIHandler).GetPurchasePlanDetail-fm (4 handlers)
[GIN-debug] POST   /api/v1/youpin/purchase-plans/:id/execute --> csgo-trader/internal/api.(*APIHandler).ExecutePurchasePlan-fm (4 handlers)
[GIN-debug] POST   /api/v1/youpin/purchase-plans/:id/reset --> csgo-trader/internal/api.(*APIHandler).ResetPurchasePlan-fm (4 handlers)
[GIN-debug] GET    /api/v1/steam/credentials --> csgo-trader/internal/api.(*APIHandler).GetSteamCredentials-fm (4 handlers)
[GIN-debug] PUT    /api/v1/steam/credentials --> csgo-trader/internal/api.(*APIHandler).UpdateSteamCredentials-fm (4 handlers)
[GIN-debug] POST   /api/v1/steam/login       --> csgo-trader/internal/api.(*APIHandler).LoginSteamAndGetKey-fm (4 handlers)
2025/11/27 10:20:15 Server starting on port 8080
[GIN] 2025/11/27 - 10:20:15 | 200 |     144.208Âµs |             ::1 | GET      "/health"
Successfully bound local IP to CSQAQ API
[GIN] 2025/11/27 - 10:20:21 | 200 |  363.317333ms |             ::1 | GET      "/api/v1/sub/kline?id=3&type=1hour"
[GIN] 2025/11/27 - 10:20:24 | 200 |  301.880542ms |             ::1 | GET      "/api/v1/sub/kline?id=3&type=1hour"
[GIN] 2025/11/27 - 15:28:00 | 200 |   68.479792ms |             ::1 | GET      "/"
[GIN] 2025/11/27 - 15:28:00 | 200 |    3.932375ms |             ::1 | GET      "/static/css/main.37ea8e9a.css"
[GIN] 2025/11/27 - 15:28:00 | 200 |   10.845083ms |             ::1 | GET      "/static/js/main.5de8aa53.js"
[GIN] 2025/11/27 - 15:28:01 | 404 |     293.916Âµs |             ::1 | GET      "/api/v1/analytics/performance"
[GIN] 2025/11/27 - 15:28:01 | 404 |       6.541Âµs |             ::1 | GET      "/api/v1/analytics/dashboard"
[GIN] 2025/11/27 - 15:28:01 | 404 |     611.333Âµs |             ::1 | GET      "/manifest.json"
[GIN] 2025/11/27 - 15:28:01 | 404 |     812.209Âµs |             ::1 | GET      "/favicon.ico"
[GIN] 2025/11/27 - 15:28:01 | 200 |     589.875Âµs |             ::1 | GET      "/dashboard"
[GIN] 2025/11/27 - 15:28:01 | 404 |       4.458Âµs |             ::1 | GET      "/api/v1/analytics/performance"
[GIN] 2025/11/27 - 15:28:01 | 404 |       1.875Âµs |             ::1 | GET      "/api/v1/analytics/dashboard"
[GIN] 2025/11/27 - 15:28:01 | 404 |      35.666Âµs |             ::1 | GET      "/manifest.json"
[GIN] 2025/11/27 - 15:28:02 | 200 |    1.665042ms |             ::1 | GET      "/api/v1/csqaq/init-goods-full/status"
[GIN] 2025/11/27 - 15:28:04 | 200 |  1.909695083s |             ::1 | GET      "/api/v1/csqaq/goods?search=&page=1&page_size=20"
[GIN] 2025/11/27 - 15:28:07 | 200 |      22.916Âµs |             ::1 | GET      "/api/v1/csqaq/init-goods-full/status"
[GIN] 2025/11/27 - 15:28:10 | 200 |  1.136818792s |             ::1 | GET      "/api/v1/csqaq/goods?search=P250+%7C+%E5%8C%97%E6%96%B9%E6%A3%AE%E6%9E%97+(%E5%B4%AD%E6%96%B0%E5%87%BA%E5%8E%82)&page=1&page_size=20"
Successfully bound local IP to CSQAQ API
[GIN] 2025/11/27 - 15:28:11 | 200 |  392.369959ms |             ::1 | GET      "/api/v1/csqaq/good?id=1779"
[GIN] 2025/11/27 - 15:28:12 | 200 |      220.25Âµs |             ::1 | GET      "/csqaq/goods/1779"
[GIN] 2025/11/27 - 15:28:12 | 404 |        57.5Âµs |             ::1 | GET      "/manifest.json"
[GIN] 2025/11/27 - 15:28:13 | 200 |    55.66575ms |             ::1 | GET      "/api/v1/csqaq/good?id=1779"
[GIN] 2025/11/27 - 15:28:14 | 200 |  1.181550083s |             ::1 | GET      "/api/v1/csqaq/good/kline?id=1779&interval=1d&limit=200&indicators=ma5,ma20"
[GIN] 2025/11/27 - 15:28:46 | 404 |      25.542Âµs |             ::1 | GET      "/api/v1/analytics/performance"
[GIN] 2025/11/27 - 15:28:46 | 404 |       13.75Âµs |             ::1 | GET      "/api/v1/analytics/dashboard"
[GIN] 2025/11/27 - 15:28:46 | 404 |      88.375Âµs |             ::1 | GET      "/manifest.json"
[GIN] 2025/11/27 - 15:28:46 | 304 |     205.208Âµs |             ::1 | GET      "/dashboard"
[GIN] 2025/11/27 - 15:28:47 | 404 |       1.875Âµs |             ::1 | GET      "/api/v1/analytics/performance"
[GIN] 2025/11/27 - 15:28:47 | 404 |           5Âµs |             ::1 | GET      "/api/v1/analytics/dashboard"
[GIN] 2025/11/27 - 15:28:47 | 404 |        40.5Âµs |             ::1 | GET      "/manifest.json"
[GIN] 2025/11/27 - 15:28:48 | 200 |      69.167Âµs |             ::1 | GET      "/api/v1/csqaq/init-goods-full/status"
[GIN] 2025/11/27 - 15:28:49 | 200 |     541.489ms |             ::1 | GET      "/api/v1/csqaq/goods?search=&page=1&page_size=20"
[GIN] 2025/11/27 - 15:28:51 | 200 |  1.130353375s |             ::1 | GET      "/api/v1/csqaq/goods?search=P2000+%7C+%E7%9A%87%E5%AE%B6%E5%B7%B4%E6%B4%9B%E5%85%8B+(%E4%B9%85%E7%BB%8F%E6%B2%99%E5%9C%BA)&page=1&page_size=20"
Successfully bound local IP to CSQAQ API
[GIN] 2025/11/27 - 15:28:52 | 200 |   83.764541ms |             ::1 | GET      "/api/v1/csqaq/good?id=21845"
[GIN] 2025/11/27 - 15:28:52 | 200 |  1.198272083s |             ::1 | GET      "/api/v1/csqaq/goods?search=P2000+%7C+%E7%9A%87%E5%AE%B6%E5%B7%B4%E6%B4%9B%E5%85%8B+(%E4%B9%85%E7%BB%8F%E6%B2%99%E5%9C%BA)&page=1&page_size=20"
[GIN] 2025/11/27 - 15:28:53 | 200 |     608.417Âµs |             ::1 | GET      "/csqaq/goods/21845"
[GIN] 2025/11/27 - 15:28:53 | 404 |      69.166Âµs |             ::1 | GET      "/manifest.json"
[GIN] 2025/11/27 - 15:28:53 | 200 |     84.1775ms |             ::1 | GET      "/api/v1/csqaq/good?id=21845"
[GIN] 2025/11/27 - 15:28:54 | 200 |  1.216325209s |             ::1 | GET      "/api/v1/csqaq/good/kline?id=21845&interval=1d&limit=200&indicators=ma5,ma20"
[GIN] 2025/11/27 - 15:31:11 | 404 |      13.042Âµs |             ::1 | GET      "/api/v1/analytics/performance"
[GIN] 2025/11/27 - 15:31:11 | 404 |      13.541Âµs |             ::1 | GET      "/api/v1/analytics/dashboard"
[GIN] 2025/11/27 - 15:31:11 | 404 |     197.375Âµs |             ::1 | GET      "/manifest.json"
[GIN] 2025/11/27 - 15:31:11 | 304 |     202.958Âµs |             ::1 | GET      "/dashboard"
[GIN] 2025/11/27 - 15:31:11 | 404 |       3.958Âµs |             ::1 | GET      "/api/v1/analytics/dashboard"
[GIN] 2025/11/27 - 15:31:11 | 404 |       1.958Âµs |             ::1 | GET      "/api/v1/analytics/performance"
[GIN] 2025/11/27 - 15:31:11 | 404 |      37.833Âµs |             ::1 | GET      "/manifest.json"
[GIN] 2025/11/27 - 15:31:12 | 200 |      56.709Âµs |             ::1 | GET      "/api/v1/csqaq/init-goods-full/status"
[GIN] 2025/11/27 - 15:31:13 | 200 |   556.05625ms |             ::1 | GET      "/api/v1/csqaq/goods?search=&page=1&page_size=20"
[GIN] 2025/11/27 - 15:31:15 | 200 |  1.195159375s |             ::1 | GET      "/api/v1/csqaq/goods?search=%E6%B3%95%E7%8E%9B%E6%96%AF+%7C+%E5%85%83%E7%B4%A0%E8%BD%AE%E5%BB%93+(%E7%95%A5%E6%9C%89%E7%A3%A8%E6%8D%9F)&page=1&page_size=20"
Successfully bound local IP to CSQAQ API
[GIN] 2025/11/27 - 15:31:16 | 200 |  357.340708ms |             ::1 | GET      "/api/v1/csqaq/good?id=814"
[GIN] 2025/11/27 - 15:31:17 | 200 |     647.584Âµs |             ::1 | GET      "/csqaq/goods/814"
[GIN] 2025/11/27 - 15:31:17 | 404 |      74.125Âµs |             ::1 | GET      "/manifest.json"
[GIN] 2025/11/27 - 15:31:17 | 200 |   69.599292ms |             ::1 | GET      "/api/v1/csqaq/good?id=814"
[GIN] 2025/11/27 - 15:31:18 | 200 |  1.233557042s |             ::1 | GET      "/api/v1/csqaq/good/kline?id=814&interval=1d&limit=200&indicators=ma5,ma20"
[GIN] 2025/11/28 - 11:06:44 | 304 |   43.700583ms |             ::1 | GET      "/"
[GIN] 2025/11/28 - 11:06:45 | 304 |     286.708Âµs |             ::1 | GET      "/static/css/main.37ea8e9a.css"
[GIN] 2025/11/28 - 11:06:45 | 304 |    1.597875ms |             ::1 | GET      "/static/js/main.5de8aa53.js"
[GIN] 2025/11/28 - 11:06:45 | 404 |       182.5Âµs |             ::1 | GET      "/api/v1/analytics/dashboard"
[GIN] 2025/11/28 - 11:06:45 | 404 |       6.084Âµs |             ::1 | GET      "/api/v1/analytics/performance"
[GIN] 2025/11/28 - 11:06:45 | 404 |       2.992ms |             ::1 | GET      "/manifest.json"
[GIN] 2025/11/28 - 11:06:45 | 304 |     172.333Âµs |             ::1 | GET      "/dashboard"
[GIN] 2025/11/28 - 11:06:45 | 404 |       4.583Âµs |             ::1 | GET      "/api/v1/analytics/dashboard"
[GIN] 2025/11/28 - 11:06:45 | 404 |       1.875Âµs |             ::1 | GET      "/api/v1/analytics/performance"
[GIN] 2025/11/28 - 11:06:45 | 404 |      38.583Âµs |             ::1 | GET      "/manifest.json"
[GIN] 2025/11/28 - 11:06:46 | 200 |    2.594292ms |             ::1 | GET      "/api/v1/csqaq/init-goods-full/status"
[GIN] 2025/11/28 - 11:06:48 | 200 |  1.895001042s |             ::1 | GET      "/api/v1/csqaq/goods?search=&page=1&page_size=20"
[GIN] 2025/11/28 - 11:06:50 | 200 |  1.065185625s |             ::1 | GET      "/api/v1/csqaq/goods?search=AWP+%7C+%E5%85%8B%E6%8B%89%E8%80%83+(%E6%88%98%E7%97%95%E7%B4%AF%E7%B4%AF)&page=1&page_size=20"
Successfully bound local IP to CSQAQ API
[GIN] 2025/11/28 - 11:06:52 | 200 |  447.314083ms |             ::1 | GET      "/api/v1/csqaq/good?id=20544"
[GIN] 2025/11/28 - 11:06:53 | 200 |     633.041Âµs |             ::1 | GET      "/csqaq/goods/20544"
[GIN] 2025/11/28 - 11:06:53 | 404 |       55.25Âµs |             ::1 | GET      "/manifest.json"
[GIN] 2025/11/28 - 11:06:53 | 200 |     51.6655ms |             ::1 | GET      "/api/v1/csqaq/good?id=20544"
[GIN] 2025/11/28 - 11:06:54 | 200 |  1.334692125s |             ::1 | GET      "/api/v1/csqaq/good/kline?id=20544&interval=1d&limit=200&indicators=ma5,ma20"
[GIN] 2025/11/28 - 13:57:22 | 304 |    6.466708ms |             ::1 | GET      "/"
[GIN] 2025/11/28 - 13:57:22 | 304 |       520.5Âµs |             ::1 | GET      "/static/js/main.5de8aa53.js"
[GIN] 2025/11/28 - 13:57:22 | 304 |    4.015541ms |             ::1 | GET      "/static/css/main.37ea8e9a.css"
[GIN] 2025/11/28 - 13:57:22 | 404 |     134.958Âµs |             ::1 | GET      "/api/v1/analytics/performance"
[GIN] 2025/11/28 - 13:57:22 | 404 |     221.459Âµs |             ::1 | GET      "/api/v1/analytics/dashboard"
[GIN] 2025/11/28 - 13:57:22 | 404 |     117.709Âµs |             ::1 | GET      "/manifest.json"
[GIN] 2025/11/28 - 13:57:24 | 200 |    2.532708ms |             ::1 | GET      "/api/v1/csqaq/init-goods-full/status"
[GIN] 2025/11/28 - 13:57:26 | 200 |     2.024524s |             ::1 | GET      "/api/v1/csqaq/goods?search=&page=1&page_size=20"
[GIN] 2025/11/28 - 13:57:27 | 200 |   2.66878225s |             ::1 | GET      "/api/v1/csqaq/goods?search=SSG+08+%7C+%E6%89%8B%E5%88%B9+(%E7%95%A5%E6%9C%89%E7%A3%A8%E6%8D%9F)&page=1&page_size=20"
Successfully bound local IP to CSQAQ API
[GIN] 2025/11/28 - 13:57:28 | 200 |  344.545875ms |             ::1 | GET      "/api/v1/csqaq/good?id=9602"
[GIN] 2025/11/28 - 13:57:29 | 200 |  1.190916875s |             ::1 | GET      "/api/v1/csqaq/goods?search=SSG+08+%7C+%E6%89%8B%E5%88%B9+(%E7%95%A5%E6%9C%89%E7%A3%A8%E6%8D%9F)&page=1&page_size=20"
[GIN] 2025/11/28 - 13:57:30 | 200 |     659.542Âµs |             ::1 | GET      "/csqaq/goods/9602"
[GIN] 2025/11/28 - 13:57:30 | 404 |       56.75Âµs |             ::1 | GET      "/manifest.json"
[GIN] 2025/11/28 - 13:57:30 | 200 |   65.757917ms |             ::1 | GET      "/api/v1/csqaq/good?id=9602"
[GIN] 2025/11/28 - 13:57:31 | 200 |  1.246688958s |             ::1 | GET      "/api/v1/csqaq/good/kline?id=9602&interval=1d&limit=200&indicators=ma5,ma20"
[GIN] 2025/11/28 - 13:57:38 | 200 |   1.13737725s |             ::1 | GET      "/api/v1/csqaq/good/kline?id=9602&interval=20m&limit=200&indicators=ma5,ma20"
[GIN] 2025/11/28 - 13:57:41 | 200 |  1.192864958s |             ::1 | GET      "/api/v1/csqaq/good/kline?id=9602&interval=1h&limit=200&indicators=ma5,ma20"
[GIN] 2025/11/28 - 13:57:45 | 200 |  1.234546916s |             ::1 | GET      "/api/v1/csqaq/good/kline?id=9602&interval=1d&limit=200&indicators=ma5,ma20"
[GIN] 2025/11/28 - 14:28:57 | 404 |     699.917Âµs |             ::1 | GET      "/api/v1/analytics/dashboard"
[GIN] 2025/11/28 - 14:28:57 | 404 |     693.583Âµs |             ::1 | GET      "/api/v1/analytics/performance"
[GIN] 2025/11/28 - 14:28:57 | 404 |    4.476792ms |             ::1 | GET      "/manifest.json"
[GIN] 2025/11/28 - 14:28:57 | 304 |   27.366166ms |             ::1 | GET      "/dashboard"
[GIN] 2025/11/28 - 14:28:58 | 404 |       4.542Âµs |             ::1 | GET      "/api/v1/analytics/dashboard"
[GIN] 2025/11/28 - 14:28:58 | 404 |       1.958Âµs |             ::1 | GET      "/api/v1/analytics/performance"
[GIN] 2025/11/28 - 14:28:58 | 404 |      43.125Âµs |             ::1 | GET      "/manifest.json"
[GIN] 2025/11/28 - 14:28:59 | 200 |  557.749708ms |             ::1 | GET      "/api/v1/steam/credentials"
[GIN] 2025/11/28 - 14:28:59 | 200 |     268.375Âµs |             ::1 | GET      "/api/v1/csqaq/init-goods-full/status"
[GIN] 2025/11/28 - 14:29:00 | 200 |  981.462834ms |             ::1 | GET      "/api/v1/youpin/accounts"
[GIN] 2025/11/28 - 14:29:00 | 200 |  552.534333ms |             ::1 | GET      "/api/v1/csqaq/goods?search=&page=1&page_size=20"
[GIN] 2025/11/28 - 14:29:01 | 200 |  1.874113834s |             ::1 | GET      "/api/v1/youpin/config"
[GIN] 2025/11/28 - 14:29:02 | 200 |  1.195758375s |             ::1 | GET      "/api/v1/csqaq/goods?search=AK-47+%7C+%E5%B7%B4%E6%B4%9B%E5%85%8B%E4%B9%8B%E7%B4%AB+(%E4%B9%85%E7%BB%8F%E6%B2%99%E5%9C%BA)&page=1&page_size=20"
Successfully bound local IP to CSQAQ API
[GIN] 2025/11/28 - 14:29:05 | 200 |  1.319608792s |             ::1 | GET      "/api/v1/csqaq/good?id=11470"
[GIN] 2025/11/28 - 14:29:06 | 200 |      258.75Âµs |             ::1 | GET      "/csqaq/goods/11470"
[GIN] 2025/11/28 - 14:29:06 | 404 |      68.708Âµs |             ::1 | GET      "/manifest.json"
[GIN] 2025/11/28 - 14:29:06 | 200 |    66.53425ms |             ::1 | GET      "/api/v1/csqaq/good?id=11470"
[GIN] 2025/11/28 - 14:29:07 | 200 |  1.138686209s |             ::1 | GET      "/api/v1/csqaq/good/kline?id=11470&interval=1d&limit=200&indicators=ma5,ma20"
[GIN] 2025/11/29 - 17:36:18 | 304 |   31.726291ms |             ::1 | GET      "/"
[GIN] 2025/11/29 - 17:36:18 | 304 |      387.25Âµs |             ::1 | GET      "/static/js/main.5de8aa53.js"
[GIN] 2025/11/29 - 17:36:18 | 304 |      383.75Âµs |             ::1 | GET      "/static/css/main.37ea8e9a.css"
[GIN] 2025/11/29 - 17:36:18 | 404 |      31.833Âµs |             ::1 | GET      "/api/v1/analytics/dashboard"
[GIN] 2025/11/29 - 17:36:18 | 404 |       2.041Âµs |             ::1 | GET      "/api/v1/analytics/performance"
[GIN] 2025/11/29 - 17:36:18 | 404 |    2.830625ms |             ::1 | GET      "/manifest.json"
[GIN] 2025/11/29 - 17:36:18 | 304 |     158.875Âµs |             ::1 | GET      "/dashboard"
[GIN] 2025/11/29 - 17:36:19 | 404 |       4.916Âµs |             ::1 | GET      "/api/v1/analytics/dashboard"
[GIN] 2025/11/29 - 17:36:19 | 404 |       2.125Âµs |             ::1 | GET      "/api/v1/analytics/performance"
[GIN] 2025/11/29 - 17:36:19 | 404 |      56.792Âµs |             ::1 | GET      "/manifest.json"
[GIN] 2025/11/29 - 17:36:20 | 200 |    2.433292ms |             ::1 | GET      "/api/v1/csqaq/init-goods-full/status"
[GIN] 2025/11/29 - 17:36:24 | 200 |  2.103175042s |             ::1 | GET      "/api/v1/csqaq/goods?search=FN57+%7C+%E7%A5%9E%E7%A5%97+(%E7%95%A5%E6%9C%89%E7%A3%A8%E6%8D%9F)&page=1&page_size=20"
[GIN] 2025/11/29 - 17:36:24 | 200 |  3.910599292s |             ::1 | GET      "/api/v1/csqaq/goods?search=&page=1&page_size=20"
[GIN] 2025/11/29 - 17:36:25 | 200 |      42.042Âµs |             ::1 | GET      "/api/v1/csqaq/init-goods-full/status"
[GIN] 2025/11/29 - 17:36:26 | 200 |  925.759458ms |             ::1 | GET      "/api/v1/csqaq/goods?search=FN57+%7C+%E7%A5%9E%E7%A5%97+(%E7%95%A5%E6%9C%89%E7%A3%A8%E6%8D%9F)&page=1&page_size=20"
Successfully bound local IP to CSQAQ API
[GIN] 2025/11/29 - 17:36:27 | 200 |  288.006417ms |             ::1 | GET      "/api/v1/csqaq/good?id=865"
[GIN] 2025/11/29 - 17:36:29 | 200 |     280.041Âµs |             ::1 | GET      "/csqaq/goods/865"
[GIN] 2025/11/29 - 17:36:29 | 404 |      58.125Âµs |             ::1 | GET      "/manifest.json"
[GIN] 2025/11/29 - 17:36:29 | 200 |  122.894166ms |             ::1 | GET      "/api/v1/csqaq/good?id=865"
[GIN] 2025/11/29 - 17:36:37 | 200 |   7.16727475s |             ::1 | GET      "/api/v1/csqaq/good/kline?id=865&interval=1d&limit=200&indicators=ma5,ma20"
[GIN] 2025/11/29 - 17:37:09 | 404 |       5.167Âµs |             ::1 | GET      "/api/v1/analytics/dashboard"
[GIN] 2025/11/29 - 17:37:09 | 404 |       2.125Âµs |             ::1 | GET      "/api/v1/analytics/performance"
[GIN] 2025/11/29 - 17:37:10 | 404 |     153.458Âµs |             ::1 | GET      "/manifest.json"
[GIN] 2025/11/29 - 17:37:10 | 304 |     177.834Âµs |             ::1 | GET      "/dashboard"
[GIN] 2025/11/29 - 17:37:10 | 404 |       4.875Âµs |             ::1 | GET      "/api/v1/analytics/dashboard"
[GIN] 2025/11/29 - 17:37:10 | 404 |       1.708Âµs |             ::1 | GET      "/api/v1/analytics/performance"
[GIN] 2025/11/29 - 17:37:10 | 404 |       37.25Âµs |             ::1 | GET      "/manifest.json"
[GIN] 2025/11/29 - 17:37:12 | 200 |     131.292Âµs |             ::1 | GET      "/api/v1/csqaq/init-goods-full/status"
[GIN] 2025/11/29 - 17:37:13 | 200 |  739.306167ms |             ::1 | GET      "/api/v1/csqaq/goods?search=&page=1&page_size=20"
[GIN] 2025/11/29 - 17:37:14 | 200 |  999.168625ms |             ::1 | GET      "/api/v1/csqaq/goods?search=AUG+%7C+%E6%B8%90%E5%8F%98%E7%90%A5%E7%8F%80+(%E4%B9%85%E7%BB%8F%E6%B2%99%E5%9C%BA)&page=1&page_size=20"
Successfully bound local IP to CSQAQ API
[GIN] 2025/11/29 - 17:37:15 | 200 |   97.562875ms |             ::1 | GET      "/api/v1/csqaq/good?id=13361"
[GIN] 2025/11/29 - 17:37:17 | 200 |       228.5Âµs |             ::1 | GET      "/csqaq/goods/13361"
[GIN] 2025/11/29 - 17:37:18 | 404 |       37.25Âµs |             ::1 | GET      "/manifest.json"
[GIN] 2025/11/29 - 17:37:18 | 200 |   59.803375ms |             ::1 | GET      "/api/v1/csqaq/good?id=13361"
[GIN] 2025/11/29 - 17:37:27 | 200 |  9.319897833s |             ::1 | GET      "/api/v1/csqaq/good/kline?id=13361&interval=1d&limit=200&indicators=ma5,ma20"
[GIN] 2025/11/29 - 17:39:18 | 404 |         3.5Âµs |             ::1 | GET      "/api/v1/analytics/performance"
[GIN] 2025/11/29 - 17:39:18 | 404 |       4.375Âµs |             ::1 | GET      "/api/v1/analytics/dashboard"
[GIN] 2025/11/29 - 17:39:18 | 404 |      36.125Âµs |             ::1 | GET      "/manifest.json"
[GIN] 2025/11/29 - 17:39:18 | 304 |     185.542Âµs |             ::1 | GET      "/dashboard"
[GIN] 2025/11/29 - 17:39:18 | 404 |         4.5Âµs |             ::1 | GET      "/api/v1/analytics/dashboard"
[GIN] 2025/11/29 - 17:39:18 | 404 |           2Âµs |             ::1 | GET      "/api/v1/analytics/performance"
[GIN] 2025/11/29 - 17:39:18 | 404 |      37.167Âµs |             ::1 | GET      "/manifest.json"
[GIN] 2025/11/29 - 17:39:20 | 200 |      26.083Âµs |             ::1 | GET      "/api/v1/csqaq/init-goods-full/status"
[GIN] 2025/11/29 - 17:39:20 | 200 |  652.682292ms |             ::1 | GET      "/api/v1/csqaq/goods?search=&page=1&page_size=20"
[GIN] 2025/11/29 - 17:39:23 | 200 |  1.825180917s |             ::1 | GET      "/api/v1/csqaq/goods?search=%E6%88%AA%E7%9F%AD%E9%9C%B0%E5%BC%B9%E6%9E%AA+%7C+%E8%B4%A4%E8%80%85%E6%B6%82%E8%A3%85+(%E7%95%A5%E6%9C%89%E7%A3%A8%E6%8D%9F)&page=1&page_size=20"
[GIN] 2025/11/29 - 17:39:25 | 200 |      30.958Âµs |             ::1 | GET      "/api/v1/csqaq/init-goods-full/status"
Successfully bound local IP to CSQAQ API
[GIN] 2025/11/29 - 17:39:26 | 200 |  891.684625ms |             ::1 | GET      "/api/v1/csqaq/good?id=17829"
[GIN] 2025/11/29 - 17:39:27 | 200 |     659.041Âµs |             ::1 | GET      "/csqaq/goods/17829"
[GIN] 2025/11/29 - 17:39:27 | 404 |      43.542Âµs |             ::1 | GET      "/manifest.json"
[GIN] 2025/11/29 - 17:39:27 | 200 |   98.939959ms |             ::1 | GET      "/api/v1/csqaq/good?id=17829"
[GIN] 2025/11/29 - 17:39:41 | 200 | 13.910994042s |             ::1 | GET      "/api/v1/csqaq/good/kline?id=17829&interval=1d&limit=200&indicators=ma5,ma20"
[GIN] 2025/11/29 - 17:42:32 | 200 |     105.375Âµs |             ::1 | GET      "/api/v1/csqaq/init-goods-full/status"
[GIN] 2025/11/29 - 17:42:32 | 200 |  667.070416ms |             ::1 | GET      "/api/v1/csqaq/goods?search=&page=1&page_size=20"
[GIN] 2025/11/29 - 17:42:35 | 200 |  915.008209ms |             ::1 | GET      "/api/v1/csqaq/goods?search=P90%EF%BC%88StatTrak%E2%84%A2%EF%BC%89+%7C+%E5%85%B0%E8%BF%AA%E5%BF%AB%E5%86%B2+(%E5%B4%AD%E6%96%B0&page=1&page_size=20"
Successfully bound local IP to CSQAQ API
[GIN] 2025/11/29 - 17:42:36 | 200 |  234.551333ms |             ::1 | GET      "/api/v1/csqaq/good?id=20375"
[GIN] 2025/11/29 - 17:42:37 | 200 |     464.208Âµs |             ::1 | GET      "/csqaq/goods/20375"
[GIN] 2025/11/29 - 17:42:37 | 404 |       41.75Âµs |             ::1 | GET      "/manifest.json"
[GIN] 2025/11/29 - 17:42:37 | 200 |   64.836875ms |             ::1 | GET      "/api/v1/csqaq/good?id=20375"
[GIN] 2025/11/29 - 17:42:42 | 200 |  4.439059417s |             ::1 | GET      "/api/v1/csqaq/good/kline?id=20375&interval=1d&limit=200&indicators=ma5,ma20"
[GIN] 2025/11/29 - 17:43:09 | 200 |      24.166Âµs |             ::1 | GET      "/api/v1/csqaq/init-goods-full/status"
[GIN] 2025/11/29 - 17:43:10 | 200 |  1.160935709s |             ::1 | GET      "/api/v1/csqaq/goods?search=&page=1&page_size=20"
[GIN] 2025/11/29 - 17:43:11 | 200 |  1.158682208s |             ::1 | GET      "/api/v1/csqaq/goods?search=P90+%7C+%E7%B2%BE%E8%8B%B1%E4%B9%8B%E4%BD%9C+(%E7%95%A5%E6%9C%89%E7%A3%A8%E6%8D%9F)&page=1&page_size=20"
Successfully bound local IP to CSQAQ API
[GIN] 2025/11/29 - 17:43:12 | 200 |   97.567375ms |             ::1 | GET      "/api/v1/csqaq/good?id=1927"
[GIN] 2025/11/29 - 17:43:13 | 200 |     227.125Âµs |             ::1 | GET      "/csqaq/goods/1927"
[GIN] 2025/11/29 - 17:43:13 | 404 |      36.583Âµs |             ::1 | GET      "/manifest.json"
[GIN] 2025/11/29 - 17:43:13 | 200 |     58.7845ms |             ::1 | GET      "/api/v1/csqaq/good?id=1927"
[GIN] 2025/11/29 - 17:43:18 | 200 |  4.610944791s |             ::1 | GET      "/api/v1/csqaq/good/kline?id=1927&interval=1d&limit=200&indicators=ma5,ma20"
[GIN] 2025/11/29 - 17:44:18 | 200 |      41.959Âµs |             ::1 | GET      "/api/v1/csqaq/init-goods-full/status"
[GIN] 2025/11/29 - 17:44:23 | 200 |      54.958Âµs |             ::1 | GET      "/api/v1/csqaq/init-goods-full/status"
[GIN] 2025/11/29 - 17:44:29 | 200 |      63.125Âµs |             ::1 | GET      "/api/v1/csqaq/init-goods-full/status"
[GIN] 2025/11/29 - 17:44:33 | 200 |     2.485994s |             ::1 | GET      "/api/v1/csqaq/goods?search=%E5%AE%99%E6%96%AF+X27+%E7%94%B5%E5%87%BB%E6%9E%AA%EF%BC%88StatTrak%E2%84%A2%EF%BC%89+%7C+%E5%A5%A5&page=1&page_size=20"
[GIN] 2025/11/29 - 17:44:34 | 200 |      68.167Âµs |             ::1 | GET      "/api/v1/csqaq/init-goods-full/status"
[GIN] 2025/11/29 - 17:44:36 | 200 |  3.577816167s |             ::1 | GET      "/api/v1/csqaq/goods?search=%E5%AE%99%E6%96%AF+X27+%E7%94%B5%E5%87%BB%E6%9E%AA%EF%BC%88StatTrak%E2%84%A2%EF%BC%89+%7C+%E5%A5%A5&page=1&page_size=20"
[GIN] 2025/11/29 - 17:44:38 | 200 |       78.25Âµs |             ::1 | GET      "/api/v1/csqaq/init-goods-full/status"
[GIN] 2025/11/29 - 17:44:39 | 200 |  1.032651041s |             ::1 | GET      "/api/v1/csqaq/goods?search=%E5%AE%99%E6%96%AF+X27+%E7%94%B5%E5%87%BB%E6%9E%AA%EF%BC%88StatTrak%E2%84%A2%EF%BC%89+%7C+%E5%A5%A5&page=1&page_size=20"
[GIN] 2025/11/29 - 17:44:43 | 200 |      40.458Âµs |             ::1 | GET      "/api/v1/csqaq/init-goods-full/status"
Successfully bound local IP to CSQAQ API
[GIN] 2025/11/29 - 17:44:47 | 200 |  228.826833ms |             ::1 | GET      "/api/v1/csqaq/good?id=19595"
[GIN] 2025/11/29 - 17:44:49 | 200 |     424.792Âµs |             ::1 | GET      "/csqaq/goods/19595"
[GIN] 2025/11/29 - 17:44:49 | 404 |      59.083Âµs |             ::1 | GET      "/manifest.json"
[GIN] 2025/11/29 - 17:44:49 | 200 |   57.376834ms |             ::1 | GET      "/api/v1/csqaq/good?id=19595"
[GIN] 2025/11/29 - 17:44:56 | 200 |  6.845674625s |             ::1 | GET      "/api/v1/csqaq/good/kline?id=19595&interval=1d&limit=200&indicators=ma5,ma20"
[mysql] 2025/11/29 17:45:49 packets.go:37: read tcp 192.168.0.184:55426->192.3.81.194:3306: read: can't assign requested address
[GIN] 2025/11/29 - 17:45:49 | 200 |         1m28s |             ::1 | GET      "/api/v1/csqaq/goods?search=%E5%AE%99%E6%96%AF+X27+%E7%94%B5%E5%87%BB%E6%9E%AA%EF%BC%88StatTrak%E2%84%A2%EF%BC%89+%7C+%E5%A5%A5&page=1&page_size=20"
[mysql] 2025/11/29 17:45:58 packets.go:37: read tcp 192.168.0.184:55421->192.3.81.194:3306: read: can't assign requested address
[GIN] 2025/11/29 - 17:45:58 | 200 |         1m39s |             ::1 | GET      "/api/v1/csqaq/goods?search=&page=1&page_size=20"
[GIN] 2025/12/01 - 10:33:52 | 304 |    7.825125ms |             ::1 | GET      "/"
[GIN] 2025/12/01 - 10:33:52 | 304 |     229.125Âµs |             ::1 | GET      "/static/js/main.5de8aa53.js"
[GIN] 2025/12/01 - 10:33:52 | 304 |    3.167791ms |             ::1 | GET      "/static/css/main.37ea8e9a.css"
[GIN] 2025/12/01 - 10:33:52 | 404 |     279.083Âµs |             ::1 | GET      "/api/v1/analytics/performance"
[GIN] 2025/12/01 - 10:33:52 | 404 |      324.75Âµs |             ::1 | GET      "/api/v1/analytics/dashboard"
[GIN] 2025/12/01 - 10:33:52 | 404 |     164.209Âµs |             ::1 | GET      "/manifest.json"
[GIN] 2025/12/01 - 10:33:52 | 304 |         222Âµs |             ::1 | GET      "/dashboard"
[GIN] 2025/12/01 - 10:33:52 | 404 |      12.375Âµs |             ::1 | GET      "/api/v1/analytics/dashboard"
[GIN] 2025/12/01 - 10:33:52 | 404 |       2.083Âµs |             ::1 | GET      "/api/v1/analytics/performance"
[GIN] 2025/12/01 - 10:33:52 | 404 |      41.917Âµs |             ::1 | GET      "/manifest.json"
[GIN] 2025/12/01 - 10:34:00 | 404 |       2.041Âµs |             ::1 | GET      "/api/v1/analytics/performance"
[GIN] 2025/12/01 - 10:34:00 | 404 |       4.417Âµs |             ::1 | GET      "/api/v1/analytics/dashboard"
[GIN] 2025/12/01 - 10:35:06 | 200 |    5.205583ms |             ::1 | GET      "/api/v1/csqaq/init-goods-full/status"
[GIN] 2025/12/01 - 10:35:08 | 200 |     1.740358s |             ::1 | GET      "/api/v1/csqaq/goods?search=&page=1&page_size=20"
[GIN] 2025/12/01 - 10:35:10 | 200 |   835.10175ms |             ::1 | GET      "/api/v1/youpin/accounts"
[GIN] 2025/12/01 - 10:35:10 | 200 |  1.787721083s |             ::1 | GET      "/api/v1/steam/credentials"
[GIN] 2025/12/01 - 10:35:11 | 200 |  1.950879166s |             ::1 | GET      "/api/v1/youpin/config"
[GIN] 2025/12/01 - 10:35:14 | 200 |   1.30023525s |             ::1 | DELETE   "/api/v1/youpin/accounts/8"
[GIN] 2025/12/01 - 10:35:14 | 200 |  578.519541ms |             ::1 | GET      "/api/v1/youpin/accounts"
[GIN] 2025/12/01 - 10:35:18 | 201 |  1.852299875s |             ::1 | POST     "/api/v1/youpin/accounts"
[GIN] 2025/12/01 - 10:35:19 | 200 |  869.121625ms |             ::1 | GET      "/api/v1/youpin/accounts"
