
2025/09/30 14:23:42 [32m/Users/user/Downloads/csgoAuto/internal/database/database.go:40 [33mSLOW SQL >= 200ms
[0m[31;1m[225.502ms] [33m[rows:0][35m SET FOREIGN_KEY_CHECKS=0[0m

2025/09/30 14:23:42 [32m/Users/user/Downloads/csgoAuto/internal/database/database.go:43 [33mSLOW SQL >= 200ms
[0m[31;1m[224.451ms] [33m[rows:-][35m SELECT DATABASE()[0m

2025/09/30 14:23:43 [32m/Users/user/Downloads/csgoAuto/internal/database/database.go:43 [33mSLOW SQL >= 200ms
[0m[31;1m[451.504ms] [33m[rows:1][35m SELECT SCHEMA_NAME from Information_schema.SCHEMATA where SCHEMA_NAME LIKE 'csgo_trader%' ORDER BY SCHEMA_NAME='csgo_trader' DESC,SCHEMA_NAME limit 1[0m

2025/09/30 14:23:43 [32m/Users/user/Downloads/csgoAuto/internal/database/database.go:43 [33mSLOW SQL >= 200ms
[0m[31;1m[450.239ms] [33m[rows:-][35m SELECT count(*) FROM information_schema.tables WHERE table_schema = 'csgo_trader' AND table_name = 'users' AND table_type = 'BASE TABLE'[0m

2025/09/30 14:23:44 [32m/Users/user/Downloads/csgoAuto/internal/database/database.go:43 [33mSLOW SQL >= 200ms
[0m[31;1m[224.211ms] [33m[rows:-][35m SELECT DATABASE()[0m

2025/09/30 14:23:44 [32m/Users/user/Downloads/csgoAuto/internal/database/database.go:43 [33mSLOW SQL >= 200ms
[0m[31;1m[452.432ms] [33m[rows:1][35m SELECT SCHEMA_NAME from Information_schema.SCHEMATA where SCHEMA_NAME LIKE 'csgo_trader%' ORDER BY SCHEMA_NAME='csgo_trader' DESC,SCHEMA_NAME limit 1[0m

2025/09/30 14:23:44 [32m/Users/user/Downloads/csgoAuto/internal/database/database.go:43 [33mSLOW SQL >= 200ms
[0m[31;1m[224.604ms] [33m[rows:-][35m SELECT * FROM `users` LIMIT 1[0m

2025/09/30 14:23:45 [32m/Users/user/Downloads/csgoAuto/internal/database/database.go:43 [33mSLOW SQL >= 200ms
[0m[31;1m[452.996ms] [33m[rows:-][35m SELECT column_name, column_default, is_nullable = 'YES', data_type, character_maximum_length, column_type, column_key, extra, column_comment, numeric_precision, numeric_scale , datetime_precision FROM information_schema.columns WHERE table_schema = 'csgo_trader' AND table_name = 'users' ORDER BY ORDINAL_POSITION[0m

2025/09/30 14:23:45 [32m/Users/user/Downloads/csgoAuto/internal/database/database.go:43 [33mSLOW SQL >= 200ms
[0m[31;1m[225.600ms] [33m[rows:-][35m SELECT DATABASE()[0m

2025/09/30 14:23:45 [32m/Users/user/Downloads/csgoAuto/internal/database/database.go:43 [33mSLOW SQL >= 200ms
[0m[31;1m[449.960ms] [33m[rows:1][35m SELECT SCHEMA_NAME from Information_schema.SCHEMATA where SCHEMA_NAME LIKE 'csgo_trader%' ORDER BY SCHEMA_NAME='csgo_trader' DESC,SCHEMA_NAME limit 1[0m

2025/09/30 14:23:46 [32m/Users/user/Downloads/csgoAuto/internal/database/database.go:43 [33mSLOW SQL >= 200ms
[0m[31;1m[451.785ms] [33m[rows:-][35m SELECT count(*) FROM information_schema.statistics WHERE table_schema = 'csgo_trader' AND table_name = 'users' AND index_name = 'idx_users_deleted_at'[0m

2025/09/30 14:23:46 [32m/Users/user/Downloads/csgoAuto/internal/database/database.go:43 [33mSLOW SQL >= 200ms
[0m[31;1m[225.498ms] [33m[rows:-][35m SELECT DATABASE()[0m

2025/09/30 14:23:46 [32m/Users/user/Downloads/csgoAuto/internal/database/database.go:43 [33mSLOW SQL >= 200ms
[0m[31;1m[451.142ms] [33m[rows:1][35m SELECT SCHEMA_NAME from Information_schema.SCHEMATA where SCHEMA_NAME LIKE 'csgo_trader%' ORDER BY SCHEMA_NAME='csgo_trader' DESC,SCHEMA_NAME limit 1[0m

2025/09/30 14:23:47 [32m/Users/user/Downloads/csgoAuto/internal/database/database.go:43 [33mSLOW SQL >= 200ms
[0m[31;1m[451.931ms] [33m[rows:-][35m SELECT count(*) FROM information_schema.tables WHERE table_schema = 'csgo_trader' AND table_name = 'items' AND table_type = 'BASE TABLE'[0m

2025/09/30 14:23:47 [32m/Users/user/Downloads/csgoAuto/internal/database/database.go:43 [33mSLOW SQL >= 200ms
[0m[31;1m[225.728ms] [33m[rows:-][35m SELECT DATABASE()[0m

2025/09/30 14:23:48 [32m/Users/user/Downloads/csgoAuto/internal/database/database.go:43 [33mSLOW SQL >= 200ms
[0m[31;1m[451.626ms] [33m[rows:1][35m SELECT SCHEMA_NAME from Information_schema.SCHEMATA where SCHEMA_NAME LIKE 'csgo_trader%' ORDER BY SCHEMA_NAME='csgo_trader' DESC,SCHEMA_NAME limit 1[0m

2025/09/30 14:23:48 [32m/Users/user/Downloads/csgoAuto/internal/database/database.go:43 [33mSLOW SQL >= 200ms
[0m[31;1m[224.637ms] [33m[rows:-][35m SELECT * FROM `items` LIMIT 1[0m

2025/09/30 14:23:48 [32m/Users/user/Downloads/csgoAuto/internal/database/database.go:43 [33mSLOW SQL >= 200ms
[0m[31;1m[454.399ms] [33m[rows:-][35m SELECT column_name, column_default, is_nullable = 'YES', data_type, character_maximum_length, column_type, column_key, extra, column_comment, numeric_precision, numeric_scale , datetime_precision FROM information_schema.columns WHERE table_schema = 'csgo_trader' AND table_name = 'items' ORDER BY ORDINAL_POSITION[0m

2025/09/30 14:23:48 [32m/Users/user/Downloads/csgoAuto/internal/database/database.go:43 [33mSLOW SQL >= 200ms
[0m[31;1m[225.179ms] [33m[rows:-][35m SELECT DATABASE()[0m

2025/09/30 14:23:49 [32m/Users/user/Downloads/csgoAuto/internal/database/database.go:43 [33mSLOW SQL >= 200ms
[0m[31;1m[452.142ms] [33m[rows:1][35m SELECT SCHEMA_NAME from Information_schema.SCHEMATA where SCHEMA_NAME LIKE 'csgo_trader%' ORDER BY SCHEMA_NAME='csgo_trader' DESC,SCHEMA_NAME limit 1[0m

2025/09/30 14:23:49 [32m/Users/user/Downloads/csgoAuto/internal/database/database.go:43 [33mSLOW SQL >= 200ms
[0m[31;1m[451.977ms] [33m[rows:-][35m SELECT count(*) FROM information_schema.statistics WHERE table_schema = 'csgo_trader' AND table_name = 'items' AND index_name = 'idx_items_deleted_at'[0m

2025/09/30 14:23:50 [32m/Users/user/Downloads/csgoAuto/internal/database/database.go:43 [33mSLOW SQL >= 200ms
[0m[31;1m[225.073ms] [33m[rows:-][35m SELECT DATABASE()[0m

2025/09/30 14:23:50 [32m/Users/user/Downloads/csgoAuto/internal/database/database.go:43 [33mSLOW SQL >= 200ms
[0m[31;1m[452.170ms] [33m[rows:1][35m SELECT SCHEMA_NAME from Information_schema.SCHEMATA where SCHEMA_NAME LIKE 'csgo_trader%' ORDER BY SCHEMA_NAME='csgo_trader' DESC,SCHEMA_NAME limit 1[0m

2025/09/30 14:23:51 [32m/Users/user/Downloads/csgoAuto/internal/database/database.go:43 [33mSLOW SQL >= 200ms
[0m[31;1m[530.893ms] [33m[rows:-][35m SELECT count(*) FROM information_schema.tables WHERE table_schema = 'csgo_trader' AND table_name = 'prices' AND table_type = 'BASE TABLE'[0m

2025/09/30 14:23:51 [32m/Users/user/Downloads/csgoAuto/internal/database/database.go:43 [33mSLOW SQL >= 200ms
[0m[31;1m[224.709ms] [33m[rows:-][35m SELECT DATABASE()[0m

2025/09/30 14:23:51 [32m/Users/user/Downloads/csgoAuto/internal/database/database.go:43 [33mSLOW SQL >= 200ms
[0m[31;1m[454.900ms] [33m[rows:1][35m SELECT SCHEMA_NAME from Information_schema.SCHEMATA where SCHEMA_NAME LIKE 'csgo_trader%' ORDER BY SCHEMA_NAME='csgo_trader' DESC,SCHEMA_NAME limit 1[0m

2025/09/30 14:23:51 [32m/Users/user/Downloads/csgoAuto/internal/database/database.go:43 [33mSLOW SQL >= 200ms
[0m[31;1m[225.582ms] [33m[rows:-][35m SELECT * FROM `prices` LIMIT 1[0m

2025/09/30 14:23:52 [32m/Users/user/Downloads/csgoAuto/internal/database/database.go:43 [33mSLOW SQL >= 200ms
[0m[31;1m[453.292ms] [33m[rows:-][35m SELECT column_name, column_default, is_nullable = 'YES', data_type, character_maximum_length, column_type, column_key, extra, column_comment, numeric_precision, numeric_scale , datetime_precision FROM information_schema.columns WHERE table_schema = 'csgo_trader' AND table_name = 'prices' ORDER BY ORDINAL_POSITION[0m

2025/09/30 14:23:52 [31;1m/Users/user/Downloads/csgoAuto/internal/database/database.go:43 [35;1mError 3780 (HY000): Referencing column 'item_id' and referenced column 'id' in foreign key constraint 'prices_FK_0_0' are incompatible.
[0m[33m[227.149ms] [34;1m[rows:0][0m ALTER TABLE `prices` MODIFY COLUMN `item_id` bigint unsigned NOT NULL
2025/09/30 14:23:52 Failed to connect to database:failed to auto-migrate database: Error 3780 (HY000): Referencing column 'item_id' and referenced column 'id' in foreign key constraint 'prices_FK_0_0' are incompatible.
