
2025/09/30 14:25:00 [32m/Users/user/Downloads/csgoAuto/internal/database/database.go:42 [33mSLOW SQL >= 200ms
[0m[31;1m[221.583ms] [33m[rows:0][35m SET FOREIGN_KEY_CHECKS=0[0m

2025/09/30 14:25:01 [32m/Users/user/Downloads/csgoAuto/internal/database/database.go:45 [33mSLOW SQL >= 200ms
[0m[31;1m[431.382ms] [33m[rows:-][35m SELECT DATABASE()[0m

2025/09/30 14:25:02 [32m/Users/user/Downloads/csgoAuto/internal/database/database.go:45 [33mSLOW SQL >= 200ms
[0m[31;1m[1047.824ms] [33m[rows:1][35m SELECT SCHEMA_NAME from Information_schema.SCHEMATA where SCHEMA_NAME LIKE 'csgo_trader%' ORDER BY SCHEMA_NAME='csgo_trader' DESC,SCHEMA_NAME limit 1[0m

2025/09/30 14:25:03 [32m/Users/user/Downloads/csgoAuto/internal/database/database.go:45 [33mSLOW SQL >= 200ms
[0m[31;1m[856.976ms] [33m[rows:-][35m SELECT count(*) FROM information_schema.tables WHERE table_schema = 'csgo_trader' AND table_name = 'users' AND table_type = 'BASE TABLE'[0m

2025/09/30 14:25:03 [32m/Users/user/Downloads/csgoAuto/internal/database/database.go:45 [33mSLOW SQL >= 200ms
[0m[31;1m[221.829ms] [33m[rows:-][35m SELECT DATABASE()[0m

2025/09/30 14:25:04 [32m/Users/user/Downloads/csgoAuto/internal/database/database.go:45 [33mSLOW SQL >= 200ms
[0m[31;1m[520.697ms] [33m[rows:1][35m SELECT SCHEMA_NAME from Information_schema.SCHEMATA where SCHEMA_NAME LIKE 'csgo_trader%' ORDER BY SCHEMA_NAME='csgo_trader' DESC,SCHEMA_NAME limit 1[0m

2025/09/30 14:25:04 [32m/Users/user/Downloads/csgoAuto/internal/database/database.go:45 [33mSLOW SQL >= 200ms
[0m[31;1m[220.338ms] [33m[rows:-][35m SELECT * FROM `users` LIMIT 1[0m

2025/09/30 14:25:04 [32m/Users/user/Downloads/csgoAuto/internal/database/database.go:45 [33mSLOW SQL >= 200ms
[0m[31;1m[445.116ms] [33m[rows:-][35m SELECT column_name, column_default, is_nullable = 'YES', data_type, character_maximum_length, column_type, column_key, extra, column_comment, numeric_precision, numeric_scale , datetime_precision FROM information_schema.columns WHERE table_schema = 'csgo_trader' AND table_name = 'users' ORDER BY ORDINAL_POSITION[0m

2025/09/30 14:25:04 [32m/Users/user/Downloads/csgoAuto/internal/database/database.go:45 [33mSLOW SQL >= 200ms
[0m[31;1m[219.460ms] [33m[rows:-][35m SELECT DATABASE()[0m

2025/09/30 14:25:05 [32m/Users/user/Downloads/csgoAuto/internal/database/database.go:45 [33mSLOW SQL >= 200ms
[0m[31;1m[443.538ms] [33m[rows:1][35m SELECT SCHEMA_NAME from Information_schema.SCHEMATA where SCHEMA_NAME LIKE 'csgo_trader%' ORDER BY SCHEMA_NAME='csgo_trader' DESC,SCHEMA_NAME limit 1[0m

2025/09/30 14:25:05 [32m/Users/user/Downloads/csgoAuto/internal/database/database.go:45 [33mSLOW SQL >= 200ms
[0m[31;1m[441.353ms] [33m[rows:-][35m SELECT count(*) FROM information_schema.statistics WHERE table_schema = 'csgo_trader' AND table_name = 'users' AND index_name = 'idx_users_deleted_at'[0m

2025/09/30 14:25:06 [32m/Users/user/Downloads/csgoAuto/internal/database/database.go:45 [33mSLOW SQL >= 200ms
[0m[31;1m[221.289ms] [33m[rows:-][35m SELECT DATABASE()[0m

2025/09/30 14:25:06 [32m/Users/user/Downloads/csgoAuto/internal/database/database.go:45 [33mSLOW SQL >= 200ms
[0m[31;1m[442.177ms] [33m[rows:1][35m SELECT SCHEMA_NAME from Information_schema.SCHEMATA where SCHEMA_NAME LIKE 'csgo_trader%' ORDER BY SCHEMA_NAME='csgo_trader' DESC,SCHEMA_NAME limit 1[0m

2025/09/30 14:25:06 [32m/Users/user/Downloads/csgoAuto/internal/database/database.go:45 [33mSLOW SQL >= 200ms
[0m[31;1m[443.639ms] [33m[rows:-][35m SELECT count(*) FROM information_schema.tables WHERE table_schema = 'csgo_trader' AND table_name = 'items' AND table_type = 'BASE TABLE'[0m

2025/09/30 14:25:07 [32m/Users/user/Downloads/csgoAuto/internal/database/database.go:45 [33mSLOW SQL >= 200ms
[0m[31;1m[233.485ms] [33m[rows:-][35m SELECT DATABASE()[0m

2025/09/30 14:25:07 [32m/Users/user/Downloads/csgoAuto/internal/database/database.go:45 [33mSLOW SQL >= 200ms
[0m[31;1m[441.822ms] [33m[rows:1][35m SELECT SCHEMA_NAME from Information_schema.SCHEMATA where SCHEMA_NAME LIKE 'csgo_trader%' ORDER BY SCHEMA_NAME='csgo_trader' DESC,SCHEMA_NAME limit 1[0m

2025/09/30 14:25:07 [32m/Users/user/Downloads/csgoAuto/internal/database/database.go:45 [33mSLOW SQL >= 200ms
[0m[31;1m[221.131ms] [33m[rows:-][35m SELECT * FROM `items` LIMIT 1[0m

2025/09/30 14:25:08 [32m/Users/user/Downloads/csgoAuto/internal/database/database.go:45 [33mSLOW SQL >= 200ms
[0m[31;1m[442.946ms] [33m[rows:-][35m SELECT column_name, column_default, is_nullable = 'YES', data_type, character_maximum_length, column_type, column_key, extra, column_comment, numeric_precision, numeric_scale , datetime_precision FROM information_schema.columns WHERE table_schema = 'csgo_trader' AND table_name = 'items' ORDER BY ORDINAL_POSITION[0m

2025/09/30 14:25:08 [32m/Users/user/Downloads/csgoAuto/internal/database/database.go:45 [33mSLOW SQL >= 200ms
[0m[31;1m[220.477ms] [33m[rows:-][35m SELECT DATABASE()[0m

2025/09/30 14:25:08 [32m/Users/user/Downloads/csgoAuto/internal/database/database.go:45 [33mSLOW SQL >= 200ms
[0m[31;1m[441.011ms] [33m[rows:1][35m SELECT SCHEMA_NAME from Information_schema.SCHEMATA where SCHEMA_NAME LIKE 'csgo_trader%' ORDER BY SCHEMA_NAME='csgo_trader' DESC,SCHEMA_NAME limit 1[0m

2025/09/30 14:25:09 [32m/Users/user/Downloads/csgoAuto/internal/database/database.go:45 [33mSLOW SQL >= 200ms
[0m[31;1m[441.169ms] [33m[rows:-][35m SELECT count(*) FROM information_schema.statistics WHERE table_schema = 'csgo_trader' AND table_name = 'items' AND index_name = 'idx_items_deleted_at'[0m

2025/09/30 14:25:09 [32m/Users/user/Downloads/csgoAuto/internal/database/database.go:45 [33mSLOW SQL >= 200ms
[0m[31;1m[220.129ms] [33m[rows:-][35m SELECT DATABASE()[0m

2025/09/30 14:25:10 [32m/Users/user/Downloads/csgoAuto/internal/database/database.go:45 [33mSLOW SQL >= 200ms
[0m[31;1m[440.754ms] [33m[rows:1][35m SELECT SCHEMA_NAME from Information_schema.SCHEMATA where SCHEMA_NAME LIKE 'csgo_trader%' ORDER BY SCHEMA_NAME='csgo_trader' DESC,SCHEMA_NAME limit 1[0m

2025/09/30 14:25:10 [32m/Users/user/Downloads/csgoAuto/internal/database/database.go:45 [33mSLOW SQL >= 200ms
[0m[31;1m[441.438ms] [33m[rows:-][35m SELECT count(*) FROM information_schema.tables WHERE table_schema = 'csgo_trader' AND table_name = 'prices' AND table_type = 'BASE TABLE'[0m

2025/09/30 14:25:10 [32m/Users/user/Downloads/csgoAuto/internal/database/database.go:45 [33mSLOW SQL >= 200ms
[0m[31;1m[222.450ms] [33m[rows:-][35m SELECT DATABASE()[0m

2025/09/30 14:25:11 [32m/Users/user/Downloads/csgoAuto/internal/database/database.go:45 [33mSLOW SQL >= 200ms
[0m[31;1m[505.682ms] [33m[rows:1][35m SELECT SCHEMA_NAME from Information_schema.SCHEMATA where SCHEMA_NAME LIKE 'csgo_trader%' ORDER BY SCHEMA_NAME='csgo_trader' DESC,SCHEMA_NAME limit 1[0m

2025/09/30 14:25:11 [32m/Users/user/Downloads/csgoAuto/internal/database/database.go:45 [33mSLOW SQL >= 200ms
[0m[31;1m[222.426ms] [33m[rows:-][35m SELECT * FROM `prices` LIMIT 1[0m

2025/09/30 14:25:11 [32m/Users/user/Downloads/csgoAuto/internal/database/database.go:45 [33mSLOW SQL >= 200ms
[0m[31;1m[444.206ms] [33m[rows:-][35m SELECT column_name, column_default, is_nullable = 'YES', data_type, character_maximum_length, column_type, column_key, extra, column_comment, numeric_precision, numeric_scale , datetime_precision FROM information_schema.columns WHERE table_schema = 'csgo_trader' AND table_name = 'prices' ORDER BY ORDINAL_POSITION[0m

2025/09/30 14:25:12 [31;1m/Users/user/Downloads/csgoAuto/internal/database/database.go:45 [35;1mError 3780 (HY000): Referencing column 'item_id' and referenced column 'id' in foreign key constraint 'prices_FK_0_0' are incompatible.
[0m[33m[221.063ms] [34;1m[rows:0][0m ALTER TABLE `prices` MODIFY COLUMN `item_id` bigint unsigned NOT NULL
2025/09/30 14:25:12 Failed to connect to database:failed to auto-migrate database: Error 3780 (HY000): Referencing column 'item_id' and referenced column 'id' in foreign key constraint 'prices_FK_0_0' are incompatible.
